#
# There is insufficient memory for the Java Runtime Environment to continue.
# Native memory allocation (malloc) failed to allocate 32744 bytes for ChunkPool::allocate
# Possible reasons:
#   The system is out of physical RAM or swap space
#   The process is running with CompressedOops enabled, and the Java Heap may be blocking the growth of the native heap
# Possible solutions:
#   Reduce memory load on the system
#   Increase physical memory or swap space
#   Check if swap backing store is full
#   Decrease Java heap size (-Xmx/-Xms)
#   Decrease number of Java threads
#   Decrease Java thread stack sizes (-Xss)
#   Set larger code cache with -XX:ReservedCodeCacheSize=
#   JVM is running with Unscaled Compressed Oops mode in which the Java heap is
#     placed in the first 4GB address space. The Java Heap base address is the
#     maximum limit for the native heap growth. Please use -XX:HeapBaseMinAddress
#     to set the Java Heap base and to place the Java Heap above 4GB virtual address.
# This output file may be truncated or incomplete.
#
#  Out of Memory Error (allocation.cpp:272), pid=5092, tid=0x0000000000001140
#
# JRE version: Java(TM) SE Runtime Environment (8.0_231-b11) (build 1.8.0_231-b11)
# Java VM: Java HotSpot(TM) 64-Bit Server VM (25.231-b11 mixed mode windows-amd64 compressed oops)
# Failed to write core dump. Minidumps are not enabled by default on client versions of Windows
#

---------------  T H R E A D  ---------------

Current thread (0x0000000016759800):  JavaThread "C1 CompilerThread1" daemon [_thread_in_native, id=4416, stack(0x00000000168e0000,0x00000000169e0000)]

Stack: [0x00000000168e0000,0x00000000169e0000]
[error occurred during error reporting (printing stack bounds), id 0xc0000005]

Native frames: (J=compiled Java code, j=interpreted, Vv=VM code, C=native code)


Current CompileTask:
C1:  12559 2045       1       org.springframework.asm.ClassReader::accept (1373 bytes)


---------------  P R O C E S S  ---------------

Java Threads: ( => current thread )
  0x0000000018844800 JavaThread "JMX server connection timeout 166" daemon [_thread_blocked, id=9028, stack(0x0000000019740000,0x0000000019840000)]
  0x0000000016ba4800 JavaThread "RMI TCP Connection(7)-192.168.1.200" daemon [_thread_in_native, id=7252, stack(0x0000000019840000,0x0000000019940000)]
  0x000000001869d800 JavaThread "RMI TCP Connection(6)-192.168.1.200" daemon [_thread_in_native, id=8216, stack(0x0000000017a20000,0x0000000017b20000)]
  0x000000001722a800 JavaThread "RMI TCP Connection(4)-192.168.1.200" daemon [_thread_in_native, id=8104, stack(0x0000000018270000,0x0000000018370000)]
  0x0000000016e77800 JavaThread "RMI Scheduler(0)" daemon [_thread_blocked, id=8112, stack(0x0000000017920000,0x0000000017a20000)]
  0x0000000016da4000 JavaThread "RMI TCP Connection(2)-192.168.1.200" daemon [_thread_in_native, id=6648, stack(0x0000000017820000,0x0000000017920000)]
  0x0000000016d66000 JavaThread "RMI TCP Accept-0" daemon [_thread_in_native, id=8832, stack(0x0000000017620000,0x0000000017720000)]
  0x00000000167db800 JavaThread "Service Thread" daemon [_thread_blocked, id=3832, stack(0x00000000169e0000,0x0000000016ae0000)]
=>0x0000000016759800 JavaThread "C1 CompilerThread1" daemon [_thread_in_native, id=4416, stack(0x00000000168e0000,0x00000000169e0000)]
  0x000000001674d800 JavaThread "C2 CompilerThread0" daemon [_thread_blocked, id=9244, stack(0x00000000167e0000,0x00000000168e0000)]
  0x00000000150b5000 JavaThread "JDWP Command Reader" daemon [_thread_in_native, id=504, stack(0x00000000162e0000,0x00000000163e0000)]
  0x00000000150b4000 JavaThread "JDWP Event Helper Thread" daemon [_thread_blocked, id=9324, stack(0x00000000161e0000,0x00000000162e0000)]
  0x00000000150a8800 JavaThread "JDWP Transport Listener: dt_socket" daemon [_thread_blocked, id=956, stack(0x00000000160e0000,0x00000000161e0000)]
  0x00000000150a0000 JavaThread "Attach Listener" daemon [_thread_blocked, id=4448, stack(0x0000000015fe0000,0x00000000160e0000)]
  0x000000001509b000 JavaThread "Signal Dispatcher" daemon [_thread_blocked, id=8700, stack(0x0000000015ee0000,0x0000000015fe0000)]
  0x0000000002c6d800 JavaThread "Finalizer" daemon [_thread_blocked, id=3008, stack(0x0000000015cd0000,0x0000000015dd0000)]
  0x0000000015078000 JavaThread "Reference Handler" daemon [_thread_blocked, id=1892, stack(0x0000000015bd0000,0x0000000015cd0000)]
  0x000000000266c800 JavaThread "main" [_thread_in_native, id=9120, stack(0x0000000002770000,0x0000000002870000)]

Other Threads:
  0x0000000015056800 VMThread [stack: 0x0000000015ad0000,0x0000000015bd0000] [id=4212]
  0x0000000016d75800 WatcherThread [stack: 0x0000000017720000,0x0000000017820000] [id=9440]

VM state:not at safepoint (normal execution)

VM Mutex/Monitor currently owned by a thread: None

heap address: 0x00000000c0c00000, size: 1012 MB, Compressed Oops mode: 32-bit
Narrow klass base: 0x0000000000000000, Narrow klass shift: 3
Compressed class space size: 1073741824 Address: 0x0000000100000000

Heap:
 PSYoungGen      total 70656K, used 14154K [0x00000000eaf00000, 0x00000000efa00000, 0x0000000100000000)
  eden space 65024K, 15% used [0x00000000eaf00000,0x00000000eb8f9538,0x00000000eee80000)
  from space 5632K, 69% used [0x00000000eee80000,0x00000000ef259618,0x00000000ef400000)
  to   space 5120K, 0% used [0x00000000ef400000,0x00000000ef400000,0x00000000ef900000)
 ParOldGen       total 44032K, used 8349K [0x00000000c0c00000, 0x00000000c3700000, 0x00000000eaf00000)
  object space 44032K, 18% used [0x00000000c0c00000,0x00000000c14275b0,0x00000000c3700000)
 Metaspace       used 19877K, capacity 20698K, committed 20736K, reserved 1067008K
  class space    used 2570K, capacity 2793K, committed 2816K, reserved 1048576K

Card table byte_map: [0x0000000012030000,0x0000000012230000] byte_map_base: 0x0000000011a2a000

Marking Bits: (ParMarkBitMap*) 0x000000006bb26d90
 Begin Bits: [0x0000000012590000, 0x0000000013560000)
 End Bits:   [0x0000000013560000, 0x0000000014530000)

Polling page: 0x00000000007b0000

CodeCache: size=245760Kb used=4434Kb max_used=4434Kb free=241325Kb
 bounds [0x0000000002c70000, 0x00000000030d0000, 0x0000000011c70000]
 total_blobs=2428 nmethods=2044 adapters=305
 compilation: enabled

Compilation events (10 events):
Event: 12.417 Thread 0x0000000016759800 nmethod 2040 0x00000000030c3190 code [0x00000000030c3300, 0x00000000030c3488]
Event: 12.419 Thread 0x0000000016759800 2041       1       org.springframework.core.type.classreading.MergedAnnotationReadingVisitor::visitArray (16 bytes)
Event: 12.420 Thread 0x0000000016759800 nmethod 2041 0x00000000030c3550 code [0x00000000030c36c0, 0x00000000030c39c8]
Event: 12.420 Thread 0x0000000016759800 2042       1       org.springframework.core.type.classreading.MergedAnnotationReadingVisitor$$Lambda$189/1348916831::get$Lambda (10 bytes)
Event: 12.420 Thread 0x0000000016759800 nmethod 2042 0x00000000030c3bd0 code [0x00000000030c3d20, 0x00000000030c3e90]
Event: 12.420 Thread 0x0000000016759800 2043       1       org.springframework.core.type.classreading.MergedAnnotationReadingVisitor$ArrayVisitor::visitEnd (45 bytes)
Event: 12.420 Thread 0x0000000016759800 nmethod 2043 0x00000000030c3f10 code [0x00000000030c40a0, 0x00000000030c42c8]
Event: 12.422 Thread 0x0000000016759800 2044       1       org.springframework.core.type.filter.AssignableTypeFilter::matchClassName (12 bytes)
Event: 12.422 Thread 0x0000000016759800 nmethod 2044 0x00000000030c4410 code [0x00000000030c4580, 0x00000000030c4738]
Event: 12.427 Thread 0x0000000016759800 2045       1       org.springframework.asm.ClassReader::accept (1373 bytes)

GC Heap History (10 events):
Event: 6.249 GC heap after
Heap after GC invocations=4 (full 0):
 PSYoungGen      total 18944K, used 2560K [0x00000000eaf00000, 0x00000000ec400000, 0x0000000100000000)
  eden space 16384K, 0% used [0x00000000eaf00000,0x00000000eaf00000,0x00000000ebf00000)
  from space 2560K, 100% used [0x00000000ec180000,0x00000000ec400000,0x00000000ec400000)
  to   space 2560K, 0% used [0x00000000ebf00000,0x00000000ebf00000,0x00000000ec180000)
 ParOldGen       total 44032K, used 3811K [0x00000000c0c00000, 0x00000000c3700000, 0x00000000eaf00000)
  object space 44032K, 8% used [0x00000000c0c00000,0x00000000c0fb8fe0,0x00000000c3700000)
 Metaspace       used 14004K, capacity 14508K, committed 14720K, reserved 1062912K
  class space    used 1740K, capacity 1902K, committed 1920K, reserved 1048576K
}
Event: 6.738 GC heap before
{Heap before GC invocations=5 (full 0):
 PSYoungGen      total 18944K, used 18944K [0x00000000eaf00000, 0x00000000ec400000, 0x0000000100000000)
  eden space 16384K, 100% used [0x00000000eaf00000,0x00000000ebf00000,0x00000000ebf00000)
  from space 2560K, 100% used [0x00000000ec180000,0x00000000ec400000,0x00000000ec400000)
  to   space 2560K, 0% used [0x00000000ebf00000,0x00000000ebf00000,0x00000000ec180000)
 ParOldGen       total 44032K, used 3811K [0x00000000c0c00000, 0x00000000c3700000, 0x00000000eaf00000)
  object space 44032K, 8% used [0x00000000c0c00000,0x00000000c0fb8fe0,0x00000000c3700000)
 Metaspace       used 15659K, capacity 16190K, committed 16256K, reserved 1062912K
  class space    used 1959K, capacity 2111K, committed 2176K, reserved 1048576K
Event: 6.744 GC heap after
Heap after GC invocations=5 (full 0):
 PSYoungGen      total 18944K, used 2545K [0x00000000eaf00000, 0x00000000eda00000, 0x0000000100000000)
  eden space 16384K, 0% used [0x00000000eaf00000,0x00000000eaf00000,0x00000000ebf00000)
  from space 2560K, 99% used [0x00000000ebf00000,0x00000000ec17c560,0x00000000ec180000)
  to   space 5632K, 0% used [0x00000000ed480000,0x00000000ed480000,0x00000000eda00000)
 ParOldGen       total 44032K, used 5631K [0x00000000c0c00000, 0x00000000c3700000, 0x00000000eaf00000)
  object space 44032K, 12% used [0x00000000c0c00000,0x00000000c117ff98,0x00000000c3700000)
 Metaspace       used 15659K, capacity 16190K, committed 16256K, reserved 1062912K
  class space    used 1959K, capacity 2111K, committed 2176K, reserved 1048576K
}
Event: 7.169 GC heap before
{Heap before GC invocations=6 (full 0):
 PSYoungGen      total 18944K, used 18929K [0x00000000eaf00000, 0x00000000eda00000, 0x0000000100000000)
  eden space 16384K, 100% used [0x00000000eaf00000,0x00000000ebf00000,0x00000000ebf00000)
  from space 2560K, 99% used [0x00000000ebf00000,0x00000000ec17c560,0x00000000ec180000)
  to   space 5632K, 0% used [0x00000000ed480000,0x00000000ed480000,0x00000000eda00000)
 ParOldGen       total 44032K, used 5631K [0x00000000c0c00000, 0x00000000c3700000, 0x00000000eaf00000)
  object space 44032K, 12% used [0x00000000c0c00000,0x00000000c117ff98,0x00000000c3700000)
 Metaspace       used 16978K, capacity 17578K, committed 17792K, reserved 1064960K
  class space    used 2153K, capacity 2341K, committed 2432K, reserved 1048576K
Event: 7.182 GC heap after
Heap after GC invocations=6 (full 0):
 PSYoungGen      total 38400K, used 4233K [0x00000000eaf00000, 0x00000000eda00000, 0x0000000100000000)
  eden space 32768K, 0% used [0x00000000eaf00000,0x00000000eaf00000,0x00000000ecf00000)
  from space 5632K, 75% used [0x00000000ed480000,0x00000000ed8a2678,0x00000000eda00000)
  to   space 5632K, 0% used [0x00000000ecf00000,0x00000000ecf00000,0x00000000ed480000)
 ParOldGen       total 44032K, used 5631K [0x00000000c0c00000, 0x00000000c3700000, 0x00000000eaf00000)
  object space 44032K, 12% used [0x00000000c0c00000,0x00000000c117ff98,0x00000000c3700000)
 Metaspace       used 16978K, capacity 17578K, committed 17792K, reserved 1064960K
  class space    used 2153K, capacity 2341K, committed 2432K, reserved 1048576K
}
Event: 10.277 GC heap before
{Heap before GC invocations=7 (full 0):
 PSYoungGen      total 38400K, used 36991K [0x00000000eaf00000, 0x00000000eda00000, 0x0000000100000000)
  eden space 32768K, 99% used [0x00000000eaf00000,0x00000000ecefd710,0x00000000ecf00000)
  from space 5632K, 75% used [0x00000000ed480000,0x00000000ed8a2678,0x00000000eda00000)
  to   space 5632K, 0% used [0x00000000ecf00000,0x00000000ecf00000,0x00000000ed480000)
 ParOldGen       total 44032K, used 5631K [0x00000000c0c00000, 0x00000000c3700000, 0x00000000eaf00000)
  object space 44032K, 12% used [0x00000000c0c00000,0x00000000c117ff98,0x00000000c3700000)
 Metaspace       used 18688K, capacity 19406K, committed 19584K, reserved 1067008K
  class space    used 2402K, capacity 2589K, committed 2688K, reserved 1048576K
Event: 10.319 GC heap after
Heap after GC invocations=7 (full 0):
 PSYoungGen      total 38400K, used 3567K [0x00000000eaf00000, 0x00000000ef900000, 0x0000000100000000)
  eden space 32768K, 0% used [0x00000000eaf00000,0x00000000eaf00000,0x00000000ecf00000)
  from space 5632K, 63% used [0x00000000ecf00000,0x00000000ed27bfc8,0x00000000ed480000)
  to   space 5120K, 0% used [0x00000000ef400000,0x00000000ef400000,0x00000000ef900000)
 ParOldGen       total 44032K, used 7170K [0x00000000c0c00000, 0x00000000c3700000, 0x00000000eaf00000)
  object space 44032K, 16% used [0x00000000c0c00000,0x00000000c1300b80,0x00000000c3700000)
 Metaspace       used 18688K, capacity 19406K, committed 19584K, reserved 1067008K
  class space    used 2402K, capacity 2589K, committed 2688K, reserved 1048576K
}
Event: 11.144 GC heap before
{Heap before GC invocations=8 (full 0):
 PSYoungGen      total 38400K, used 36335K [0x00000000eaf00000, 0x00000000ef900000, 0x0000000100000000)
  eden space 32768K, 100% used [0x00000000eaf00000,0x00000000ecf00000,0x00000000ecf00000)
  from space 5632K, 63% used [0x00000000ecf00000,0x00000000ed27bfc8,0x00000000ed480000)
  to   space 5120K, 0% used [0x00000000ef400000,0x00000000ef400000,0x00000000ef900000)
 ParOldGen       total 44032K, used 7170K [0x00000000c0c00000, 0x00000000c3700000, 0x00000000eaf00000)
  object space 44032K, 16% used [0x00000000c0c00000,0x00000000c1300b80,0x00000000c3700000)
 Metaspace       used 19157K, capacity 19854K, committed 20096K, reserved 1067008K
  class space    used 2448K, capacity 2653K, committed 2688K, reserved 1048576K
Event: 11.151 GC heap after
Heap after GC invocations=8 (full 0):
 PSYoungGen      total 70144K, used 2278K [0x00000000eaf00000, 0x00000000efa00000, 0x0000000100000000)
  eden space 65024K, 0% used [0x00000000eaf00000,0x00000000eaf00000,0x00000000eee80000)
  from space 5120K, 44% used [0x00000000ef400000,0x00000000ef6399a0,0x00000000ef900000)
  to   space 5632K, 0% used [0x00000000eee80000,0x00000000eee80000,0x00000000ef400000)
 ParOldGen       total 44032K, used 7765K [0x00000000c0c00000, 0x00000000c3700000, 0x00000000eaf00000)
  object space 44032K, 17% used [0x00000000c0c00000,0x00000000c1395590,0x00000000c3700000)
 Metaspace       used 19157K, capacity 19854K, committed 20096K, reserved 1067008K
  class space    used 2448K, capacity 2653K, committed 2688K, reserved 1048576K
}
Event: 12.446 GC heap before
{Heap before GC invocations=9 (full 0):
 PSYoungGen      total 70144K, used 67302K [0x00000000eaf00000, 0x00000000efa00000, 0x0000000100000000)
  eden space 65024K, 100% used [0x00000000eaf00000,0x00000000eee80000,0x00000000eee80000)
  from space 5120K, 44% used [0x00000000ef400000,0x00000000ef6399a0,0x00000000ef900000)
  to   space 5632K, 0% used [0x00000000eee80000,0x00000000eee80000,0x00000000ef400000)
 ParOldGen       total 44032K, used 7765K [0x00000000c0c00000, 0x00000000c3700000, 0x00000000eaf00000)
  object space 44032K, 17% used [0x00000000c0c00000,0x00000000c1395590,0x00000000c3700000)
 Metaspace       used 19851K, capacity 20666K, committed 20736K, reserved 1067008K
  class space    used 2564K, capacity 2761K, committed 2816K, reserved 1048576K

Deoptimization events (0 events):
No events

Classes redefined (0 events):
No events

Internal exceptions (10 events):
Event: 8.868 Thread 0x000000001722a800 Exception <a 'java/lang/reflect/InvocationTargetException'> (0x00000000ebfe3658) thrown at [C:\re\workspace\8-2-build-windows-amd64-cygwin\jdk8u231\13620\hotspot\src\share\vm\runtime\reflection.cpp, line 1092]
Event: 9.551 Thread 0x000000001869d800 Exception <a 'java/lang/reflect/InvocationTargetException'> (0x00000000ec184628) thrown at [C:\re\workspace\8-2-build-windows-amd64-cygwin\jdk8u231\13620\hotspot\src\share\vm\runtime\reflection.cpp, line 1092]
Event: 9.716 Thread 0x000000000266c800 Exception <a 'java/lang/NoSuchMethodError': java.lang.Object.lambda$or$2(Ljava/util/function/Predicate;Ljava/lang/Object;)Z> (0x00000000ec1fd888) thrown at [C:\re\workspace\8-2-build-windows-amd64-cygwin\jdk8u231\13620\hotspot\src\share\vm\interpreter\lin
Event: 10.063 Thread 0x000000001869d800 Exception <a 'java/lang/reflect/InvocationTargetException'> (0x00000000ec1922f8) thrown at [C:\re\workspace\8-2-build-windows-amd64-cygwin\jdk8u231\13620\hotspot\src\share\vm\runtime\reflection.cpp, line 1092]
Event: 10.816 Thread 0x0000000016ba4800 Exception <a 'java/lang/reflect/InvocationTargetException'> (0x00000000ecafbc80) thrown at [C:\re\workspace\8-2-build-windows-amd64-cygwin\jdk8u231\13620\hotspot\src\share\vm\runtime\reflection.cpp, line 1092]
Event: 11.303 Thread 0x000000000266c800 Exception <a 'java/lang/IncompatibleClassChangeError': Found class java.lang.Object, but interface was expected> (0x00000000eb1141f8) thrown at [C:\re\workspace\8-2-build-windows-amd64-cygwin\jdk8u231\13620\hotspot\src\share\vm\interpreter\linkResolver.cp
Event: 11.329 Thread 0x0000000016ba4800 Exception <a 'java/lang/reflect/InvocationTargetException'> (0x00000000eb331248) thrown at [C:\re\workspace\8-2-build-windows-amd64-cygwin\jdk8u231\13620\hotspot\src\share\vm\runtime\reflection.cpp, line 1092]
Event: 11.402 Thread 0x000000000266c800 Exception <a 'java/lang/NoSuchMethodError': java.lang.Object.lambda$getAllAnnotationAttributes$0(Lorg/springframework/util/MultiValueMap;)Lorg/springframework/util/MultiValueMap;> (0x00000000eb42b608) thrown at [C:\re\workspace\8-2-build-windows-amd64-cyg
Event: 11.845 Thread 0x0000000016ba4800 Exception <a 'java/lang/reflect/InvocationTargetException'> (0x00000000eb33f950) thrown at [C:\re\workspace\8-2-build-windows-amd64-cygwin\jdk8u231\13620\hotspot\src\share\vm\runtime\reflection.cpp, line 1092]
Event: 12.365 Thread 0x0000000016ba4800 Exception <a 'java/lang/reflect/InvocationTargetException'> (0x00000000eeb29dc0) thrown at [C:\re\workspace\8-2-build-windows-amd64-cygwin\jdk8u231\13620\hotspot\src\share\vm\runtime\reflection.cpp, line 1092]

Events (10 events):
Event: 12.446 Thread 0x000000000266c800 DEOPT UNPACKING pc=0x0000000002cb7490 sp=0x000000000286e210 mode 1
Event: 12.446 loading class com/github/mxab/thymeleaf/extras/dataattribute/dialect/DataAttributeDialect
Event: 12.446 loading class com/github/mxab/thymeleaf/extras/dataattribute/dialect/DataAttributeDialect done
Event: 12.446 Thread 0x000000000266c800 DEOPT PACKING pc=0x0000000002e990c9 sp=0x000000000286d700
Event: 12.446 Thread 0x000000000266c800 DEOPT UNPACKING pc=0x0000000002cb7490 sp=0x000000000286d450 mode 1
Event: 12.446 Thread 0x000000000266c800 DEOPT PACKING pc=0x0000000002e4ef74 sp=0x000000000286d780
Event: 12.446 Thread 0x000000000266c800 DEOPT UNPACKING pc=0x0000000002cb7490 sp=0x000000000286d5a0 mode 1
Event: 12.446 Thread 0x000000000266c800 DEOPT PACKING pc=0x0000000002e4eebc sp=0x000000000286d910
Event: 12.446 Thread 0x000000000266c800 DEOPT UNPACKING pc=0x0000000002cb7490 sp=0x000000000286d730 mode 1
Event: 12.446 Executing VM operation: ParallelGCFailedAllocation


Dynamic libraries:
0x00007ff6769c0000 - 0x00007ff6769f7000 	C:\Program Files\Java\jdk1.8.0_231\bin\java.exe
0x00007ffd437b0000 - 0x00007ffd439a4000 	C:\Windows\SYSTEM32\ntdll.dll
0x00007ffd436b0000 - 0x00007ffd4376d000 	C:\Windows\System32\KERNEL32.DLL
0x00007ffd41380000 - 0x00007ffd41647000 	C:\Windows\System32\KERNELBASE.dll
0x00007ffd43410000 - 0x00007ffd434ba000 	C:\Windows\System32\ADVAPI32.dll
0x00007ffd42a60000 - 0x00007ffd42afe000 	C:\Windows\System32\msvcrt.dll
0x00007ffd43030000 - 0x00007ffd430cb000 	C:\Windows\System32\sechost.dll
0x00007ffd431c0000 - 0x00007ffd432e3000 	C:\Windows\System32\RPCRT4.dll
0x00007ffd43510000 - 0x00007ffd436b0000 	C:\Windows\System32\USER32.dll
0x00007ffd416f0000 - 0x00007ffd41712000 	C:\Windows\System32\win32u.dll
0x00007ffd41a20000 - 0x00007ffd41a4a000 	C:\Windows\System32\GDI32.dll
0x00007ffd40f00000 - 0x00007ffd4100a000 	C:\Windows\System32\gdi32full.dll
0x00007ffd41650000 - 0x00007ffd416ed000 	C:\Windows\System32\msvcp_win.dll
0x00007ffd41720000 - 0x00007ffd41820000 	C:\Windows\System32\ucrtbase.dll
0x00007ffd3a120000 - 0x00007ffd3a3ba000 	C:\Windows\WinSxS\amd64_microsoft.windows.common-controls_6595b64144ccf1df_6.0.19041.1_none_b555e41d4684ddec\COMCTL32.dll
0x00007ffd434e0000 - 0x00007ffd43510000 	C:\Windows\System32\IMM32.DLL
0x000000006bbb0000 - 0x000000006bc82000 	C:\Program Files\Java\jdk1.8.0_231\jre\bin\msvcr100.dll
0x000000006b300000 - 0x000000006bba6000 	C:\Program Files\Java\jdk1.8.0_231\jre\bin\server\jvm.dll
0x00007ffd41d40000 - 0x00007ffd41d48000 	C:\Windows\System32\PSAPI.DLL
0x00007ffd26a80000 - 0x00007ffd26a89000 	C:\Windows\SYSTEM32\WSOCK32.dll
0x00007ffd41e80000 - 0x00007ffd41eeb000 	C:\Windows\System32\WS2_32.dll
0x00007ffd3a590000 - 0x00007ffd3a5b7000 	C:\Windows\SYSTEM32\WINMM.dll
0x00007ffd3a670000 - 0x00007ffd3a67a000 	C:\Windows\SYSTEM32\VERSION.dll
0x00007ffd325d0000 - 0x00007ffd325df000 	C:\Program Files\Java\jdk1.8.0_231\jre\bin\verify.dll
0x00007ffd32580000 - 0x00007ffd325a9000 	C:\Program Files\Java\jdk1.8.0_231\jre\bin\java.dll
0x00007ffd273a0000 - 0x00007ffd273d5000 	C:\Program Files\Java\jdk1.8.0_231\jre\bin\jdwp.dll
0x00007ffd2bb50000 - 0x00007ffd2bb58000 	C:\Program Files\Java\jdk1.8.0_231\jre\bin\npt.dll
0x00007ffd27520000 - 0x00007ffd27543000 	C:\Program Files\Java\jdk1.8.0_231\jre\bin\instrument.dll
0x00007ffd2be30000 - 0x00007ffd2be46000 	C:\Program Files\Java\jdk1.8.0_231\jre\bin\zip.dll
0x00007ffd42320000 - 0x00007ffd42a54000 	C:\Windows\System32\SHELL32.dll
0x00007ffd3f0b0000 - 0x00007ffd3f83e000 	C:\Windows\SYSTEM32\windows.storage.dll
0x00007ffd41fc0000 - 0x00007ffd42313000 	C:\Windows\System32\combase.dll
0x00007ffd408b0000 - 0x00007ffd408db000 	C:\Windows\SYSTEM32\Wldp.dll
0x00007ffd42f80000 - 0x00007ffd4302e000 	C:\Windows\System32\SHCORE.dll
0x00007ffd430d0000 - 0x00007ffd43125000 	C:\Windows\System32\shlwapi.dll
0x00007ffd40e40000 - 0x00007ffd40e5f000 	C:\Windows\SYSTEM32\profapi.dll
0x00007ffd2bad0000 - 0x00007ffd2bad9000 	C:\Program Files\Java\jdk1.8.0_231\jre\bin\dt_socket.dll
0x00007ffd40630000 - 0x00007ffd4069a000 	C:\Windows\system32\mswsock.dll
0x00007ffd2bb30000 - 0x00007ffd2bb4a000 	C:\Program Files\Java\jdk1.8.0_231\jre\bin\net.dll
0x00007ffd40370000 - 0x00007ffd4043a000 	C:\Windows\SYSTEM32\DNSAPI.dll
0x00007ffd40320000 - 0x00007ffd4035b000 	C:\Windows\SYSTEM32\IPHLPAPI.DLL
0x00007ffd42f70000 - 0x00007ffd42f79000 	C:\Windows\System32\NSI.dll
0x00007ffd37280000 - 0x00007ffd3728a000 	C:\Windows\System32\rasadhlp.dll
0x00007ffd37290000 - 0x00007ffd3730f000 	C:\Windows\System32\fwpuclnt.dll
0x00007ffd41350000 - 0x00007ffd41377000 	C:\Windows\System32\bcrypt.dll
0x00007ffd2bc90000 - 0x00007ffd2bc9d000 	C:\Program Files\Java\jdk1.8.0_231\jre\bin\management.dll
0x00007ffd27c70000 - 0x00007ffd27c82000 	C:\Program Files\Java\jdk1.8.0_231\jre\bin\nio.dll
0x00007ffd40800000 - 0x00007ffd40818000 	C:\Windows\SYSTEM32\CRYPTSP.dll
0x00007ffd3ffc0000 - 0x00007ffd3fff4000 	C:\Windows\system32\rsaenh.dll
0x00007ffd40dc0000 - 0x00007ffd40dee000 	C:\Windows\SYSTEM32\USERENV.dll
0x00007ffd41070000 - 0x00007ffd410ef000 	C:\Windows\System32\bcryptprimitives.dll
0x00007ffd40820000 - 0x00007ffd4082c000 	C:\Windows\SYSTEM32\CRYPTBASE.dll
0x00007ffd3ab40000 - 0x00007ffd3ab57000 	C:\Windows\SYSTEM32\dhcpcsvc6.DLL
0x00007ffd3aa20000 - 0x00007ffd3aa3d000 	C:\Windows\SYSTEM32\dhcpcsvc.DLL
0x00007ffd2c3e0000 - 0x00007ffd2c3f7000 	C:\Windows\system32\napinsp.dll
0x00007ffd2c3c0000 - 0x00007ffd2c3db000 	C:\Windows\system32\pnrpnsp.dll
0x00007ffd2c2f0000 - 0x00007ffd2c305000 	C:\Windows\system32\wshbth.dll
0x00007ffd3c9c0000 - 0x00007ffd3c9dd000 	C:\Windows\system32\NLAapi.dll
0x00007ffd2c2d0000 - 0x00007ffd2c2e2000 	C:\Windows\System32\winrnr.dll

VM Arguments:
jvm_args: -agentlib:jdwp=transport=dt_socket,address=127.0.0.1:55588,suspend=y,server=n -XX:TieredStopAtLevel=1 -Xverify:none -Dspring.output.ansi.enabled=always -Dcom.sun.management.jmxremote -Dspring.jmx.enabled=true -Dspring.liveBeansView.mbeanDomain -Dspring.application.admin.enabled=true -javaagent:C:\Users\Aram\AppData\Local\JetBrains\IntelliJIdea2020.1\captureAgent\debugger-agent.jar -Dfile.encoding=UTF-8 
java_command: com.example.authorbook.AuthorbookApplication
java_class_path (initial): C:\Program Files\Java\jdk1.8.0_231\jre\lib\charsets.jar;C:\Program Files\Java\jdk1.8.0_231\jre\lib\deploy.jar;C:\Program Files\Java\jdk1.8.0_231\jre\lib\ext\access-bridge-64.jar;C:\Program Files\Java\jdk1.8.0_231\jre\lib\ext\cldrdata.jar;C:\Program Files\Java\jdk1.8.0_231\jre\lib\ext\dnsns.jar;C:\Program Files\Java\jdk1.8.0_231\jre\lib\ext\jaccess.jar;C:\Program Files\Java\jdk1.8.0_231\jre\lib\ext\jfxrt.jar;C:\Program Files\Java\jdk1.8.0_231\jre\lib\ext\localedata.jar;C:\Program Files\Java\jdk1.8.0_231\jre\lib\ext\nashorn.jar;C:\Program Files\Java\jdk1.8.0_231\jre\lib\ext\sunec.jar;C:\Program Files\Java\jdk1.8.0_231\jre\lib\ext\sunjce_provider.jar;C:\Program Files\Java\jdk1.8.0_231\jre\lib\ext\sunmscapi.jar;C:\Program Files\Java\jdk1.8.0_231\jre\lib\ext\sunpkcs11.jar;C:\Program Files\Java\jdk1.8.0_231\jre\lib\ext\zipfs.jar;C:\Program Files\Java\jdk1.8.0_231\jre\lib\javaws.jar;C:\Program Files\Java\jdk1.8.0_231\jre\lib\jce.jar;C:\Program Files\Java\jdk1.8.0_231\jre\lib\jfr.jar;C:\Program Files\Java\jdk1.8.0_231\jre\lib\jfxswt.jar;C:\Program Files\Java\jdk1.8.0_231\jre\lib\jsse.jar;C:\Program Files\Java\jdk1.8.0_231\jre\lib\management-agent.jar;C:\Program Files\Java\jdk1.8.0_231\jre\lib\plugin.jar;C:\Program Files\Java\jdk1.8.0_231\jre\lib\resources.jar;C:\Program Files\Java\jdk1.8.0_231\jre\lib\rt.jar;D:\Aram\IT Space LLC\My Projects\Web Projects\Web (Spring)\Spring-AuthorBook\target\classes;C:\Users\Aram\.m2\repository\org\springframework\boot\spring-boot-starter-data-jpa\2.3.1.RELEASE\spring-boot-starter-data-jpa-2.3.1.RELEASE.jar;C:\Users\Aram\.m2\repository\org\springframework\boot\spring-boot-starter-aop\2.3.1.RELEASE\spring-boot-starter-aop-2.3.1.RELEASE.jar;C:\Users\Aram\.m2\repository\org\springframework\spring-aop\5.2.7.RELEASE\spring-aop-5.2.7.RELEASE.jar;C:\Users\Aram\.m2\repository\org\aspectj\aspectjweaver\1.9.5\aspectjweaver-1.9.5.jar;C:\Users\Aram\.m2\repository\org\springframework\boot\spring-boot-starter-jdbc\2.3.1.RELEAS
Launcher Type: SUN_STANDARD

Environment Variables:
PATH=C:\Program Files (x86)\Common Files\Oracle\Java\javapath;C:\Windows\system32;C:\Windows;C:\Windows\System32\Wbem;C:\Windows\System32\WindowsPowerShell\v1.0\;C:\Windows\System32\OpenSSH\;C:\Program Files\Git\cmd;C:\Program Files\MySQL\MySQL Utilities 1.6\;C:\Users\Aram\AppData\Local\Microsoft\WindowsApps;
USERNAME=Aram
OS=Windows_NT
PROCESSOR_IDENTIFIER=Intel64 Family 6 Model 58 Stepping 9, GenuineIntel



---------------  S Y S T E M  ---------------

OS: Windows 10.0 , 64 bit Build 19041 (10.0.19041.292)

CPU:total 2 (initial active 2) (2 cores per cpu, 1 threads per core) family 6 model 58 stepping 9, cmov, cx8, fxsr, mmx, sse, sse2, sse3, ssse3, sse4.1, sse4.2, popcnt, clmul, erms, tsc, tscinvbit, tscinv

Memory: 4k page, physical 4140392k(372380k free), swap 6237520k(3752k free)

vm_info: Java HotSpot(TM) 64-Bit Server VM (25.231-b11) for windows-amd64 JRE (1.8.0_231-b11), built on Oct  5 2019 03:11:30 by "java_re" with MS VC++ 10.0 (VS2010)

time: Thu Jul 16 03:18:58 2020
timezone: Кавказское время (зима)
elapsed time: 12 seconds (0d 0h 0m 12s)

